<?xml version="1.0" encoding="UTF-8"?>
<!-- Generated by org.testng.reporters.JUnitXMLReporter -->
<testsuite ignored="0" hostname="ALVR4HGQ2WMN" failures="0" tests="1" name="RegressionSuite" time="0.621" errors="0" timestamp="2023-09-10T21:14:20 IST">
  <testcase classname="com.gt.test.BaseTest" name="@BeforeMethod setUp" time="0.026">
    <failure type="java.lang.NoSuchMethodError" message="org.openqa.selenium.chrome.ChromeDriverService$Builder.getLogOutput(Ljava/lang/String;)Ljava/io/OutputStream;">
      <![CDATA[java.lang.NoSuchMethodError: org.openqa.selenium.chrome.ChromeDriverService$Builder.getLogOutput(Ljava/lang/String;)Ljava/io/OutputStream;
at org.openqa.selenium.chrome.ChromeDriverService$Builder.createDriverService(ChromeDriverService.java:357)
at org.openqa.selenium.chrome.ChromeDriverService$Builder.createDriverService(ChromeDriverService.java:160)
at org.openqa.selenium.remote.service.DriverService$Builder.build(DriverService.java:494)
at org.openqa.selenium.chrome.ChromeDriverService.createDefaultService(ChromeDriverService.java:156)
at org.openqa.selenium.chrome.ChromeDriver.<init>(ChromeDriver.java:72)
at com.gt.driver.DriverFactory.getLocalWebDriver(DriverFactory.java:37)
at com.gt.driver.DriverFactory.getDriver(DriverFactory.java:23)
at com.gt.driver.Driver.initiateDriver(Driver.java:22)
at com.gt.test.BaseTest.setUp(BaseTest.java:19)
at java.base/java.util.concurrent.ThreadPoolExecutor.runWorker(ThreadPoolExecutor.java:1128)
at java.base/java.util.concurrent.ThreadPoolExecutor$Worker.run(ThreadPoolExecutor.java:628)
at java.base/java.lang.Thread.run(Thread.java:834)
... Removed 16 stack frames]]>
    </failure>
  </testcase> <!-- @BeforeMethod setUp -->
  <testcase classname="com.gt.test.BaseTest" name="@AfterMethod tearDown" time="-1.694360660664E9">
    <skipped/>
  </testcase> <!-- @AfterMethod tearDown -->
  <testcase classname="com.gt.test.SevenBoss" name="Login" time="0.0">
    <skipped/>
  </testcase> <!-- Login -->
</testsuite> <!-- RegressionSuite -->
