<?xml version="1.0" encoding="UTF-8"?>
<testng-results ignored="0" total="1" passed="0" failed="0" skipped="1">
  <reporter-output>
  </reporter-output>
  <suite started-at="2023-09-10T21:14:20 IST" name="Suite" finished-at="2023-09-10T21:14:20 IST" duration-ms="621">
    <groups>
    </groups>
    <test started-at="2023-09-10T21:14:20 IST" name="RegressionSuite" finished-at="2023-09-10T21:14:20 IST" duration-ms="621">
      <class name="com.gt.test.SevenBoss">
        <test-method is-config="true" signature="getPreExecutionDetails()[pri:0, instance:com.gt.test.SevenBoss@37ceb1df]" started-at="2023-09-10T21:14:20 IST" name="getPreExecutionDetails" finished-at="2023-09-10T21:14:20 IST" duration-ms="11" status="PASS">
          <reporter-output>
          </reporter-output>
        </test-method> <!-- getPreExecutionDetails -->
        <test-method is-config="true" signature="setUp()[pri:0, instance:com.gt.test.SevenBoss@37ceb1df]" started-at="2023-09-10T21:14:20 IST" name="setUp" finished-at="2023-09-10T21:14:20 IST" duration-ms="26" status="FAIL">
          <exception class="java.lang.NoSuchMethodError">
            <message>
              <![CDATA[org.openqa.selenium.chrome.ChromeDriverService$Builder.getLogOutput(Ljava/lang/String;)Ljava/io/OutputStream;]]>
            </message>
            <full-stacktrace>
              <![CDATA[java.lang.NoSuchMethodError: org.openqa.selenium.chrome.ChromeDriverService$Builder.getLogOutput(Ljava/lang/String;)Ljava/io/OutputStream;
at org.openqa.selenium.chrome.ChromeDriverService$Builder.createDriverService(ChromeDriverService.java:357)
at org.openqa.selenium.chrome.ChromeDriverService$Builder.createDriverService(ChromeDriverService.java:160)
at org.openqa.selenium.remote.service.DriverService$Builder.build(DriverService.java:494)
at org.openqa.selenium.chrome.ChromeDriverService.createDefaultService(ChromeDriverService.java:156)
at org.openqa.selenium.chrome.ChromeDriver.<init>(ChromeDriver.java:72)
at com.gt.driver.DriverFactory.getLocalWebDriver(DriverFactory.java:37)
at com.gt.driver.DriverFactory.getDriver(DriverFactory.java:23)
at com.gt.driver.Driver.initiateDriver(Driver.java:22)
at com.gt.test.BaseTest.setUp(BaseTest.java:19)
at java.base/jdk.internal.reflect.NativeMethodAccessorImpl.invoke0(Native Method)
at java.base/jdk.internal.reflect.NativeMethodAccessorImpl.invoke(NativeMethodAccessorImpl.java:62)
at java.base/jdk.internal.reflect.DelegatingMethodAccessorImpl.invoke(DelegatingMethodAccessorImpl.java:43)
at java.base/java.lang.reflect.Method.invoke(Method.java:566)
at org.testng.internal.MethodInvocationHelper.invokeMethod(MethodInvocationHelper.java:133)
at org.testng.internal.MethodInvocationHelper.invokeMethodConsideringTimeout(MethodInvocationHelper.java:62)
at org.testng.internal.ConfigInvoker.invokeConfigurationMethod(ConfigInvoker.java:385)
at org.testng.internal.ConfigInvoker.invokeConfigurations(ConfigInvoker.java:321)
at org.testng.internal.TestInvoker.runConfigMethods(TestInvoker.java:700)
at org.testng.internal.TestInvoker.invokeMethod(TestInvoker.java:527)
at org.testng.internal.TestInvoker.invokeTestMethod(TestInvoker.java:173)
at org.testng.internal.MethodRunner.runInSequence(MethodRunner.java:46)
at org.testng.internal.TestInvoker$MethodInvocationAgent.invoke(TestInvoker.java:824)
at org.testng.internal.TestInvoker.invokeTestMethods(TestInvoker.java:146)
at org.testng.internal.TestMethodWorker.invokeTestMethods(TestMethodWorker.java:146)
at org.testng.internal.TestMethodWorker.run(TestMethodWorker.java:128)
at java.base/java.util.concurrent.ThreadPoolExecutor.runWorker(ThreadPoolExecutor.java:1128)
at java.base/java.util.concurrent.ThreadPoolExecutor$Worker.run(ThreadPoolExecutor.java:628)
at java.base/java.lang.Thread.run(Thread.java:834)
]]>
            </full-stacktrace>
          </exception> <!-- java.lang.NoSuchMethodError -->
          <reporter-output>
          </reporter-output>
        </test-method> <!-- setUp -->
        <test-method signature="Login(java.util.Map)[pri:0, instance:com.gt.test.SevenBoss@37ceb1df]" started-at="2023-09-10T21:14:20 IST" name="Login" description="Verify 7Boss Login" data-provider="getData" finished-at="2023-09-10T21:14:20 IST" duration-ms="0" status="SKIP">
          <params>
            <param index="0">
              <value>
                <![CDATA[{execution=Y, itemname=RingDntBaseball1, storepwd=243780, module=Login, description=Verify 7Boss Login, application =Test, testname=Login, storeid=10000, testcase=TC01, mode=parent, HomePageTitle=7 Eleven, storeuserid=40, itemid=171090, password=Global123, itemupc=, iteration=Zero, itemquantity=4, status=none, username=shaik.afsar@7-11.com}]]>
              </value>
            </param>
          </params>
          <exception class="java.lang.NoSuchMethodError">
            <message>
              <![CDATA[org.openqa.selenium.chrome.ChromeDriverService$Builder.getLogOutput(Ljava/lang/String;)Ljava/io/OutputStream;]]>
            </message>
            <full-stacktrace>
              <![CDATA[java.lang.NoSuchMethodError: org.openqa.selenium.chrome.ChromeDriverService$Builder.getLogOutput(Ljava/lang/String;)Ljava/io/OutputStream;
at org.openqa.selenium.chrome.ChromeDriverService$Builder.createDriverService(ChromeDriverService.java:357)
at org.openqa.selenium.chrome.ChromeDriverService$Builder.createDriverService(ChromeDriverService.java:160)
at org.openqa.selenium.remote.service.DriverService$Builder.build(DriverService.java:494)
at org.openqa.selenium.chrome.ChromeDriverService.createDefaultService(ChromeDriverService.java:156)
at org.openqa.selenium.chrome.ChromeDriver.<init>(ChromeDriver.java:72)
at com.gt.driver.DriverFactory.getLocalWebDriver(DriverFactory.java:37)
at com.gt.driver.DriverFactory.getDriver(DriverFactory.java:23)
at com.gt.driver.Driver.initiateDriver(Driver.java:22)
at com.gt.test.BaseTest.setUp(BaseTest.java:19)
at java.base/jdk.internal.reflect.NativeMethodAccessorImpl.invoke0(Native Method)
at java.base/jdk.internal.reflect.NativeMethodAccessorImpl.invoke(NativeMethodAccessorImpl.java:62)
at java.base/jdk.internal.reflect.DelegatingMethodAccessorImpl.invoke(DelegatingMethodAccessorImpl.java:43)
at java.base/java.lang.reflect.Method.invoke(Method.java:566)
at org.testng.internal.MethodInvocationHelper.invokeMethod(MethodInvocationHelper.java:133)
at org.testng.internal.MethodInvocationHelper.invokeMethodConsideringTimeout(MethodInvocationHelper.java:62)
at org.testng.internal.ConfigInvoker.invokeConfigurationMethod(ConfigInvoker.java:385)
at org.testng.internal.ConfigInvoker.invokeConfigurations(ConfigInvoker.java:321)
at org.testng.internal.TestInvoker.runConfigMethods(TestInvoker.java:700)
at org.testng.internal.TestInvoker.invokeMethod(TestInvoker.java:527)
at org.testng.internal.TestInvoker.invokeTestMethod(TestInvoker.java:173)
at org.testng.internal.MethodRunner.runInSequence(MethodRunner.java:46)
at org.testng.internal.TestInvoker$MethodInvocationAgent.invoke(TestInvoker.java:824)
at org.testng.internal.TestInvoker.invokeTestMethods(TestInvoker.java:146)
at org.testng.internal.TestMethodWorker.invokeTestMethods(TestMethodWorker.java:146)
at org.testng.internal.TestMethodWorker.run(TestMethodWorker.java:128)
at java.base/java.util.concurrent.ThreadPoolExecutor.runWorker(ThreadPoolExecutor.java:1128)
at java.base/java.util.concurrent.ThreadPoolExecutor$Worker.run(ThreadPoolExecutor.java:628)
at java.base/java.lang.Thread.run(Thread.java:834)
]]>
            </full-stacktrace>
          </exception> <!-- java.lang.NoSuchMethodError -->
          <reporter-output>
          </reporter-output>
        </test-method> <!-- Login -->
        <test-method is-config="true" signature="tearDown()[pri:0, instance:com.gt.test.SevenBoss@37ceb1df]" started-at="2023-09-10T21:14:20 IST" name="tearDown" finished-at="1970-01-01T05:30:00 IST" duration-ms="-1694360660664" status="SKIP">
          <reporter-output>
          </reporter-output>
        </test-method> <!-- tearDown -->
        <test-method is-config="true" signature="getPostExecutionDetails()[pri:0, instance:com.gt.test.SevenBoss@37ceb1df]" started-at="2023-09-10T21:14:20 IST" name="getPostExecutionDetails" finished-at="2023-09-10T21:14:20 IST" duration-ms="4" status="PASS">
          <reporter-output>
          </reporter-output>
        </test-method> <!-- getPostExecutionDetails -->
      </class> <!-- com.gt.test.SevenBoss -->
    </test> <!-- RegressionSuite -->
  </suite> <!-- Suite -->
</testng-results>
